2022-10-27 12:01:34.160  INFO 492 --- [main] com.winnie.demo.DemoApplication          : Starting DemoApplication using Java 1.8.0_202 on Winnie with PID 492 (C:\Users\linw2\Downloads\E-Banking-Portal\target\classes started by Winnie in C:\Users\linw2\Downloads\E-Banking-Portal)
2022-10-27 12:01:34.163 DEBUG 492 --- [main] com.winnie.demo.DemoApplication          : Running with Spring Boot v2.7.3, Spring v5.3.22
2022-10-27 12:01:34.164  INFO 492 --- [main] com.winnie.demo.DemoApplication          : No active profile set, falling back to 1 default profile: "default"
2022-10-27 12:01:42.063 DEBUG 492 --- [main] c.winnie.demo.config.WebSecurityConfig   : {"auth":"org.springframework.security.config.annotation.authentication.configuration.AuthenticationConfiguration$DefaultPasswordEncoderAuthenticationManagerBuilder@1b51641"}
2022-10-27 12:01:42.104 DEBUG 492 --- [main] com.winnie.demo.filter.JwtRequestFilter  : Filter 'jwtRequestFilter' configured for use
2022-10-27 12:01:42.570 DEBUG 492 --- [main] c.winnie.demo.config.WebSecurityConfig   : {"httpSecurity":"org.springframework.security.config.annotation.web.builders.HttpSecurity@78feb2"}
2022-10-27 12:01:43.591  INFO 492 --- [main] com.winnie.demo.DemoApplication          : Started DemoApplication in 9.925 seconds (JVM running for 11.068)
2022-10-27 12:53:19.794  INFO 11576 --- [main] com.winnie.demo.DemoApplication          : Starting DemoApplication using Java 1.8.0_202 on Winnie with PID 11576 (C:\Users\linw2\Downloads\E-Banking-Portal\target\classes started by Winnie in C:\Users\linw2\Downloads\E-Banking-Portal)
2022-10-27 12:53:19.796 DEBUG 11576 --- [main] com.winnie.demo.DemoApplication          : Running with Spring Boot v2.7.3, Spring v5.3.22
2022-10-27 12:53:19.797  INFO 11576 --- [main] com.winnie.demo.DemoApplication          : No active profile set, falling back to 1 default profile: "default"
2022-10-27 12:53:27.533 DEBUG 11576 --- [main] c.winnie.demo.config.WebSecurityConfig   : {"auth":"org.springframework.security.config.annotation.authentication.configuration.AuthenticationConfiguration$DefaultPasswordEncoderAuthenticationManagerBuilder@cfe107"}
2022-10-27 12:53:27.641 DEBUG 11576 --- [main] com.winnie.demo.filter.JwtRequestFilter  : Filter 'jwtRequestFilter' configured for use
2022-10-27 12:53:28.556 DEBUG 11576 --- [main] c.winnie.demo.config.WebSecurityConfig   : {"httpSecurity":"org.springframework.security.config.annotation.web.builders.HttpSecurity@180497f"}
2022-10-27 12:53:30.064  INFO 11576 --- [main] com.winnie.demo.DemoApplication          : Started DemoApplication in 10.775 seconds (JVM running for 11.551)
2022-10-27 12:53:33.931 DEBUG 11576 --- [http-nio-8080-exec-1] com.winnie.demo.filter.JwtRequestFilter  : {"request":"org.springframework.security.web.header.HeaderWriterFilter$HeaderWriterRequest@19ef036","chain":"org.springframework.security.web.FilterChainProxy$VirtualFilterChain@af2c84","response":"org.springframework.security.web.header.HeaderWriterFilter$HeaderWriterResponse@109da59"}
2022-10-27 12:53:34.041 DEBUG 11576 --- [http-nio-8080-exec-3] com.winnie.demo.filter.JwtRequestFilter  : {"request":"org.springframework.security.web.header.HeaderWriterFilter$HeaderWriterRequest@12004ee","chain":"org.springframework.security.web.FilterChainProxy$VirtualFilterChain@1e7e17a","response":"org.springframework.security.web.header.HeaderWriterFilter$HeaderWriterResponse@1d86f9e"}
2022-10-27 12:53:34.048 DEBUG 11576 --- [http-nio-8080-exec-4] com.winnie.demo.filter.JwtRequestFilter  : {"request":"org.springframework.security.web.header.HeaderWriterFilter$HeaderWriterRequest@74c8fd","chain":"org.springframework.security.web.FilterChainProxy$VirtualFilterChain@b33e03","response":"org.springframework.security.web.header.HeaderWriterFilter$HeaderWriterResponse@8ca38d"}
2022-10-27 12:53:34.050 DEBUG 11576 --- [http-nio-8080-exec-5] com.winnie.demo.filter.JwtRequestFilter  : {"request":"org.springframework.security.web.header.HeaderWriterFilter$HeaderWriterRequest@ce4922","chain":"org.springframework.security.web.FilterChainProxy$VirtualFilterChain@9adcb","response":"org.springframework.security.web.header.HeaderWriterFilter$HeaderWriterResponse@362252"}
2022-10-27 12:53:34.051 DEBUG 11576 --- [http-nio-8080-exec-6] com.winnie.demo.filter.JwtRequestFilter  : {"request":"org.springframework.security.web.header.HeaderWriterFilter$HeaderWriterRequest@cb4aa9","chain":"org.springframework.security.web.FilterChainProxy$VirtualFilterChain@cac40","response":"org.springframework.security.web.header.HeaderWriterFilter$HeaderWriterResponse@3321d9"}
2022-10-27 12:53:34.052 DEBUG 11576 --- [http-nio-8080-exec-2] com.winnie.demo.filter.JwtRequestFilter  : {"request":"org.springframework.security.web.header.HeaderWriterFilter$HeaderWriterRequest@cd2ede","chain":"org.springframework.security.web.FilterChainProxy$VirtualFilterChain@acd77","response":"org.springframework.security.web.header.HeaderWriterFilter$HeaderWriterResponse@3545ae"}
2022-10-27 12:53:34.760 DEBUG 11576 --- [http-nio-8080-exec-7] com.winnie.demo.filter.JwtRequestFilter  : {"request":"org.springframework.security.web.header.HeaderWriterFilter$HeaderWriterRequest@2b700b","chain":"org.springframework.security.web.FilterChainProxy$VirtualFilterChain@ec9ebe","response":"org.springframework.security.web.header.HeaderWriterFilter$HeaderWriterResponse@d31b7b"}
2022-10-27 12:53:34.765 DEBUG 11576 --- [http-nio-8080-exec-8] com.winnie.demo.filter.JwtRequestFilter  : {"request":"org.springframework.security.web.header.HeaderWriterFilter$HeaderWriterRequest@4aed5d","chain":"org.springframework.security.web.FilterChainProxy$VirtualFilterChain@8d0be4","response":"org.springframework.security.web.header.HeaderWriterFilter$HeaderWriterResponse@b2862d"}
2022-10-27 12:53:34.838 DEBUG 11576 --- [http-nio-8080-exec-9] com.winnie.demo.filter.JwtRequestFilter  : {"request":"org.springframework.security.web.header.HeaderWriterFilter$HeaderWriterRequest@19f9e9d","chain":"org.springframework.security.web.FilterChainProxy$VirtualFilterChain@158781e","response":"org.springframework.security.web.header.HeaderWriterFilter$HeaderWriterResponse@167f5ed"}
2022-10-27 12:53:34.850 DEBUG 11576 --- [http-nio-8080-exec-10] com.winnie.demo.filter.JwtRequestFilter  : {"request":"org.springframework.security.web.header.HeaderWriterFilter$HeaderWriterRequest@53c8b5","chain":"org.springframework.security.web.FilterChainProxy$VirtualFilterChain@942f4f","response":"org.springframework.security.web.header.HeaderWriterFilter$HeaderWriterResponse@aba3c5"}
2022-10-27 12:53:34.886 DEBUG 11576 --- [http-nio-8080-exec-1] com.winnie.demo.filter.JwtRequestFilter  : {"request":"org.springframework.security.web.header.HeaderWriterFilter$HeaderWriterRequest@1973191","chain":"org.springframework.security.web.FilterChainProxy$VirtualFilterChain@48167f","response":"org.springframework.security.web.header.HeaderWriterFilter$HeaderWriterResponse@1d97924"}
2022-10-27 12:54:02.417 DEBUG 11576 --- [http-nio-8080-exec-3] com.winnie.demo.filter.JwtRequestFilter  : {"request":"org.springframework.security.web.header.HeaderWriterFilter$HeaderWriterRequest@f5140e","chain":"org.springframework.security.web.FilterChainProxy$VirtualFilterChain@1fa444a","response":"org.springframework.security.web.header.HeaderWriterFilter$HeaderWriterResponse@2a3458"}
2022-10-27 12:54:02.419 DEBUG 11576 --- [http-nio-8080-exec-3] c.w.d.c.JwtAuthenticationEntryPoint      : {"request":"SecurityContextHolderAwareRequestWrapper[ org.springframework.security.web.header.HeaderWriterFilter$HeaderWriterRequest@f5140e]","response":"org.springframework.security.web.header.HeaderWriterFilter$HeaderWriterResponse@2a3458"}
2022-10-27 12:54:23.435 DEBUG 11576 --- [http-nio-8080-exec-5] com.winnie.demo.filter.JwtRequestFilter  : {"request":"org.springframework.security.web.header.HeaderWriterFilter$HeaderWriterRequest@65ff71","chain":"org.springframework.security.web.FilterChainProxy$VirtualFilterChain@1ae7cdd","response":"org.springframework.security.web.header.HeaderWriterFilter$HeaderWriterResponse@11b58bf"}
2022-10-27 12:54:23.481 DEBUG 11576 --- [http-nio-8080-exec-5] c.w.d.ctrl.JwtAuthenticationController   : {"authenticationReques":"DAOUser(userId=password, password=winnie)"}
2022-10-27 12:54:23.566 DEBUG 11576 --- [http-nio-8080-exec-5] c.w.d.s.auth.JwtUserDetailsService       : {"userId":"password"}
2022-10-27 12:54:24.297 DEBUG 11576 --- [http-nio-8080-exec-5] c.w.d.c.JwtAuthenticationEntryPoint      : {"request":"SecurityContextHolderAwareRequestWrapper[ org.springframework.security.web.header.HeaderWriterFilter$HeaderWriterRequest@65ff71]","response":"org.springframework.security.web.header.HeaderWriterFilter$HeaderWriterResponse@11b58bf"}
2022-10-27 12:55:02.355 DEBUG 11576 --- [http-nio-8080-exec-7] com.winnie.demo.filter.JwtRequestFilter  : {"request":"org.springframework.security.web.header.HeaderWriterFilter$HeaderWriterRequest@113dd19","chain":"org.springframework.security.web.FilterChainProxy$VirtualFilterChain@17f89a2","response":"org.springframework.security.web.header.HeaderWriterFilter$HeaderWriterResponse@135f0df"}
2022-10-27 12:55:02.357 DEBUG 11576 --- [http-nio-8080-exec-7] c.w.d.ctrl.JwtAuthenticationController   : {"user":"DAOUser(userId=password, password=winnie)"}
2022-10-27 12:55:02.358 DEBUG 11576 --- [http-nio-8080-exec-7] c.w.d.s.auth.JwtUserDetailsService       : {"user":"DAOUser(userId=password, password=winnie)"}
2022-10-27 12:55:16.531 DEBUG 11576 --- [http-nio-8080-exec-9] com.winnie.demo.filter.JwtRequestFilter  : {"request":"org.springframework.security.web.header.HeaderWriterFilter$HeaderWriterRequest@f5ad17","chain":"org.springframework.security.web.FilterChainProxy$VirtualFilterChain@99f725","response":"org.springframework.security.web.header.HeaderWriterFilter$HeaderWriterResponse@41181"}
2022-10-27 12:55:16.533 DEBUG 11576 --- [http-nio-8080-exec-9] c.w.d.ctrl.JwtAuthenticationController   : {"user":"DAOUser(userId=winnie, password=password)"}
2022-10-27 12:55:16.533 DEBUG 11576 --- [http-nio-8080-exec-9] c.w.d.s.auth.JwtUserDetailsService       : {"user":"DAOUser(userId=winnie, password=password)"}
2022-10-27 12:55:27.741 DEBUG 11576 --- [http-nio-8080-exec-10] com.winnie.demo.filter.JwtRequestFilter  : {"request":"org.springframework.security.web.header.HeaderWriterFilter$HeaderWriterRequest@1f3242","chain":"org.springframework.security.web.FilterChainProxy$VirtualFilterChain@84258b","response":"org.springframework.security.web.header.HeaderWriterFilter$HeaderWriterResponse@14174a2"}
2022-10-27 12:55:27.743 DEBUG 11576 --- [http-nio-8080-exec-10] c.w.d.ctrl.JwtAuthenticationController   : {"authenticationReques":"DAOUser(userId=password, password=winnie)"}
2022-10-27 12:55:27.744 DEBUG 11576 --- [http-nio-8080-exec-10] c.w.d.s.auth.JwtUserDetailsService       : {"userId":"password"}
2022-10-27 12:55:28.382 DEBUG 11576 --- [http-nio-8080-exec-10] c.w.d.s.auth.JwtUserDetailsService       : {"userId":"password"}
2022-10-27 12:55:28.675 DEBUG 11576 --- [http-nio-8080-exec-10] c.winnie.demo.service.util.JwtTokenUtil  : {"userDetails":"org.springframework.security.core.userdetails.User [Username=password, Password=[PROTECTED], Enabled=true, AccountNonExpired=true, credentialsNonExpired=true, AccountNonLocked=true, Granted Authorities=[]]"}
2022-10-27 12:55:28.737 DEBUG 11576 --- [http-nio-8080-exec-10] c.w.d.ctrl.JwtAuthenticationController   : {"userDetails":"org.springframework.security.core.userdetails.User [Username=password, Password=[PROTECTED], Enabled=true, AccountNonExpired=true, credentialsNonExpired=true, AccountNonLocked=true, Granted Authorities=[]]"}
2022-10-27 12:55:28.738 DEBUG 11576 --- [http-nio-8080-exec-10] c.w.d.ctrl.JwtAuthenticationController   : {"token":"eyJhbGciOiJIUzUxMiJ9.eyJzdWIiOiJwYXNzd29yZCIsImV4cCI6MTY2Njg2NDUyOCwiaWF0IjoxNjY2ODQ2NTI4fQ.NnZGQrhhmFY5Cg4IxHndU5lMr8Xg0xQ6qcmJxspIlr7pVHDuaKxEjRiztV8jjLnt8-hpls1Dvz946wVD4Dc_Ig"}
2022-10-27 12:56:07.315 DEBUG 11576 --- [http-nio-8080-exec-1] com.winnie.demo.filter.JwtRequestFilter  : {"request":"org.springframework.security.web.header.HeaderWriterFilter$HeaderWriterRequest@df9086","chain":"org.springframework.security.web.FilterChainProxy$VirtualFilterChain@cb73f0","response":"org.springframework.security.web.header.HeaderWriterFilter$HeaderWriterResponse@170243a"}
2022-10-27 12:56:07.316 DEBUG 11576 --- [http-nio-8080-exec-1] c.w.d.c.JwtAuthenticationEntryPoint      : {"request":"SecurityContextHolderAwareRequestWrapper[ org.springframework.security.web.header.HeaderWriterFilter$HeaderWriterRequest@df9086]","response":"org.springframework.security.web.header.HeaderWriterFilter$HeaderWriterResponse@170243a"}
2022-10-27 12:58:21.179 DEBUG 11576 --- [http-nio-8080-exec-5] com.winnie.demo.filter.JwtRequestFilter  : {"request":"org.springframework.security.web.header.HeaderWriterFilter$HeaderWriterRequest@1cc02c1","chain":"org.springframework.security.web.FilterChainProxy$VirtualFilterChain@277828","response":"org.springframework.security.web.header.HeaderWriterFilter$HeaderWriterResponse@11a840b"}
2022-10-27 12:58:21.180 DEBUG 11576 --- [http-nio-8080-exec-5] c.winnie.demo.service.util.JwtTokenUtil  : {"token":"eyJhbGciOiJIUzUxMiJ9.eyJzdWIiOiJwYXNzd29yZCIsImV4cCI6MTY2Njg2NDUyOCwiaWF0IjoxNjY2ODQ2NTI4fQ.NnZGQrhhmFY5Cg4IxHndU5lMr8Xg0xQ6qcmJxspIlr7pVHDuaKxEjRiztV8jjLnt8-hpls1Dvz946wVD4Dc_Ig"}
2022-10-27 12:58:21.182 DEBUG 11576 --- [http-nio-8080-exec-5] c.winnie.demo.service.util.JwtTokenUtil  : {"claimsResolver":"com.winnie.demo.service.util.JwtTokenUtil$$Lambda$1878/3107138@150b34c","token":"eyJhbGciOiJIUzUxMiJ9.eyJzdWIiOiJwYXNzd29yZCIsImV4cCI6MTY2Njg2NDUyOCwiaWF0IjoxNjY2ODQ2NTI4fQ.NnZGQrhhmFY5Cg4IxHndU5lMr8Xg0xQ6qcmJxspIlr7pVHDuaKxEjRiztV8jjLnt8-hpls1Dvz946wVD4Dc_Ig"}
2022-10-27 12:58:21.202 DEBUG 11576 --- [http-nio-8080-exec-5] c.w.d.s.auth.JwtUserDetailsService       : {"userId":"password"}
2022-10-27 12:58:24.656 DEBUG 11576 --- [http-nio-8080-exec-5] c.winnie.demo.service.util.JwtTokenUtil  : {"userDetails":"org.springframework.security.core.userdetails.User [Username=password, Password=[PROTECTED], Enabled=true, AccountNonExpired=true, credentialsNonExpired=true, AccountNonLocked=true, Granted Authorities=[]]","token":"eyJhbGciOiJIUzUxMiJ9.eyJzdWIiOiJwYXNzd29yZCIsImV4cCI6MTY2Njg2NDUyOCwiaWF0IjoxNjY2ODQ2NTI4fQ.NnZGQrhhmFY5Cg4IxHndU5lMr8Xg0xQ6qcmJxspIlr7pVHDuaKxEjRiztV8jjLnt8-hpls1Dvz946wVD4Dc_Ig"}
2022-10-27 12:58:24.658 DEBUG 11576 --- [http-nio-8080-exec-5] c.winnie.demo.service.util.JwtTokenUtil  : {"claimsResolver":"com.winnie.demo.service.util.JwtTokenUtil$$Lambda$1885/184933@72b625","token":"eyJhbGciOiJIUzUxMiJ9.eyJzdWIiOiJwYXNzd29yZCIsImV4cCI6MTY2Njg2NDUyOCwiaWF0IjoxNjY2ODQ2NTI4fQ.NnZGQrhhmFY5Cg4IxHndU5lMr8Xg0xQ6qcmJxspIlr7pVHDuaKxEjRiztV8jjLnt8-hpls1Dvz946wVD4Dc_Ig"}
2022-10-27 12:58:24.661 DEBUG 11576 --- [http-nio-8080-exec-5] c.winnie.demo.service.util.JwtTokenUtil  : {"token":"eyJhbGciOiJIUzUxMiJ9.eyJzdWIiOiJwYXNzd29yZCIsImV4cCI6MTY2Njg2NDUyOCwiaWF0IjoxNjY2ODQ2NTI4fQ.NnZGQrhhmFY5Cg4IxHndU5lMr8Xg0xQ6qcmJxspIlr7pVHDuaKxEjRiztV8jjLnt8-hpls1Dvz946wVD4Dc_Ig"}
2022-10-27 12:58:24.661 DEBUG 11576 --- [http-nio-8080-exec-5] c.winnie.demo.service.util.JwtTokenUtil  : {"claimsResolver":"com.winnie.demo.service.util.JwtTokenUtil$$Lambda$1878/3107138@150b34c","token":"eyJhbGciOiJIUzUxMiJ9.eyJzdWIiOiJwYXNzd29yZCIsImV4cCI6MTY2Njg2NDUyOCwiaWF0IjoxNjY2ODQ2NTI4fQ.NnZGQrhhmFY5Cg4IxHndU5lMr8Xg0xQ6qcmJxspIlr7pVHDuaKxEjRiztV8jjLnt8-hpls1Dvz946wVD4Dc_Ig"}
2022-10-27 12:58:24.690 DEBUG 11576 --- [http-nio-8080-exec-5] c.winnie.demo.ctrl.SendKafkaController   : {"request":"DAOTransaction(id=string, currency=TWD, amount=0, iban=string, date=20220809, description=string)"}
2022-10-27 12:58:24.691 DEBUG 11576 --- [http-nio-8080-exec-5] com.winnie.demo.service.kafka.SendKafka  : {"transaction":"DAOTransaction(id=string, currency=TWD, amount=0, iban=string, date=20220809, description=string)"}
2022-10-27 12:59:24.741 ERROR 11576 --- [http-nio-8080-exec-5] o.s.k.support.LoggingProducerListener    : Exception thrown when sending a message with key='null' and payload='DAOTransaction(id=string, currency=TWD, amount=0, iban=string, date=20220809, description=string)' to topic transaction:

org.apache.kafka.common.errors.TimeoutException: Topic transaction not present in metadata after 60000 ms.

2022-10-27 12:59:24.744 ERROR 11576 --- [http-nio-8080-exec-5] o.a.c.c.C.[.[.[/].[dispatcherServlet]    : Servlet.service() for servlet [dispatcherServlet] in context with path [] threw exception [Request processing failed; nested exception is org.springframework.kafka.KafkaException: Send failed; nested exception is org.apache.kafka.common.errors.TimeoutException: Topic transaction not present in metadata after 60000 ms.] with root cause

org.apache.kafka.common.errors.TimeoutException: Topic transaction not present in metadata after 60000 ms.

2022-10-27 16:23:08.578  INFO 17320 --- [main] com.winnie.demo.DemoApplication          : Starting DemoApplication using Java 1.8.0_202 on Winnie with PID 17320 (C:\Users\linw2\Downloads\E-Banking-Portal\target\classes started by Winnie in C:\Users\linw2\Downloads\E-Banking-Portal)
2022-10-27 16:23:08.580 DEBUG 17320 --- [main] com.winnie.demo.DemoApplication          : Running with Spring Boot v2.7.3, Spring v5.3.22
2022-10-27 16:23:08.580  INFO 17320 --- [main] com.winnie.demo.DemoApplication          : No active profile set, falling back to 1 default profile: "default"
2022-10-27 16:23:17.039 DEBUG 17320 --- [main] c.winnie.demo.config.WebSecurityConfig   : {"auth":"org.springframework.security.config.annotation.authentication.configuration.AuthenticationConfiguration$DefaultPasswordEncoderAuthenticationManagerBuilder@890a1a"}
2022-10-27 16:23:17.083 DEBUG 17320 --- [main] com.winnie.demo.filter.JwtRequestFilter  : Filter 'jwtRequestFilter' configured for use
2022-10-27 16:23:17.647 DEBUG 17320 --- [main] c.winnie.demo.config.WebSecurityConfig   : {"httpSecurity":"org.springframework.security.config.annotation.web.builders.HttpSecurity@1cbeb54"}
2022-10-27 16:23:19.135  INFO 17320 --- [main] com.winnie.demo.DemoApplication          : Started DemoApplication in 10.97 seconds (JVM running for 11.651)
2022-10-27 16:23:25.771 DEBUG 17320 --- [http-nio-8080-exec-1] com.winnie.demo.filter.JwtRequestFilter  : {"request":"org.springframework.security.web.header.HeaderWriterFilter$HeaderWriterRequest@3fe91d","chain":"org.springframework.security.web.FilterChainProxy$VirtualFilterChain@1eb699a","response":"org.springframework.security.web.header.HeaderWriterFilter$HeaderWriterResponse@a19db3"}
2022-10-27 16:23:25.773 DEBUG 17320 --- [http-nio-8080-exec-1] c.winnie.demo.service.util.JwtTokenUtil  : {"token":"eyJhbGciOiJIUzUxMiJ9.eyJzdWIiOiJwYXNzd29yZCIsImV4cCI6MTY2Njg2NDUyOCwiaWF0IjoxNjY2ODQ2NTI4fQ.NnZGQrhhmFY5Cg4IxHndU5lMr8Xg0xQ6qcmJxspIlr7pVHDuaKxEjRiztV8jjLnt8-hpls1Dvz946wVD4Dc_Ig"}
2022-10-27 16:23:25.774 DEBUG 17320 --- [http-nio-8080-exec-1] c.winnie.demo.service.util.JwtTokenUtil  : {"claimsResolver":"com.winnie.demo.service.util.JwtTokenUtil$$Lambda$1729/21838898@14c52d0","token":"eyJhbGciOiJIUzUxMiJ9.eyJzdWIiOiJwYXNzd29yZCIsImV4cCI6MTY2Njg2NDUyOCwiaWF0IjoxNjY2ODQ2NTI4fQ.NnZGQrhhmFY5Cg4IxHndU5lMr8Xg0xQ6qcmJxspIlr7pVHDuaKxEjRiztV8jjLnt8-hpls1Dvz946wVD4Dc_Ig"}
2022-10-27 16:23:25.857 DEBUG 17320 --- [http-nio-8080-exec-1] c.w.d.s.auth.JwtUserDetailsService       : {"userId":"password"}
2022-10-27 16:23:26.714 DEBUG 17320 --- [http-nio-8080-exec-1] c.winnie.demo.service.util.JwtTokenUtil  : {"userDetails":"org.springframework.security.core.userdetails.User [Username=password, Password=[PROTECTED], Enabled=true, AccountNonExpired=true, credentialsNonExpired=true, AccountNonLocked=true, Granted Authorities=[]]","token":"eyJhbGciOiJIUzUxMiJ9.eyJzdWIiOiJwYXNzd29yZCIsImV4cCI6MTY2Njg2NDUyOCwiaWF0IjoxNjY2ODQ2NTI4fQ.NnZGQrhhmFY5Cg4IxHndU5lMr8Xg0xQ6qcmJxspIlr7pVHDuaKxEjRiztV8jjLnt8-hpls1Dvz946wVD4Dc_Ig"}
2022-10-27 16:23:26.714 DEBUG 17320 --- [http-nio-8080-exec-1] c.winnie.demo.service.util.JwtTokenUtil  : {"claimsResolver":"com.winnie.demo.service.util.JwtTokenUtil$$Lambda$1743/31695404@18f665d","token":"eyJhbGciOiJIUzUxMiJ9.eyJzdWIiOiJwYXNzd29yZCIsImV4cCI6MTY2Njg2NDUyOCwiaWF0IjoxNjY2ODQ2NTI4fQ.NnZGQrhhmFY5Cg4IxHndU5lMr8Xg0xQ6qcmJxspIlr7pVHDuaKxEjRiztV8jjLnt8-hpls1Dvz946wVD4Dc_Ig"}
2022-10-27 16:23:26.715 DEBUG 17320 --- [http-nio-8080-exec-1] c.winnie.demo.service.util.JwtTokenUtil  : {"token":"eyJhbGciOiJIUzUxMiJ9.eyJzdWIiOiJwYXNzd29yZCIsImV4cCI6MTY2Njg2NDUyOCwiaWF0IjoxNjY2ODQ2NTI4fQ.NnZGQrhhmFY5Cg4IxHndU5lMr8Xg0xQ6qcmJxspIlr7pVHDuaKxEjRiztV8jjLnt8-hpls1Dvz946wVD4Dc_Ig"}
2022-10-27 16:23:26.715 DEBUG 17320 --- [http-nio-8080-exec-1] c.winnie.demo.service.util.JwtTokenUtil  : {"claimsResolver":"com.winnie.demo.service.util.JwtTokenUtil$$Lambda$1729/21838898@14c52d0","token":"eyJhbGciOiJIUzUxMiJ9.eyJzdWIiOiJwYXNzd29yZCIsImV4cCI6MTY2Njg2NDUyOCwiaWF0IjoxNjY2ODQ2NTI4fQ.NnZGQrhhmFY5Cg4IxHndU5lMr8Xg0xQ6qcmJxspIlr7pVHDuaKxEjRiztV8jjLnt8-hpls1Dvz946wVD4Dc_Ig"}
2022-10-27 16:23:26.790 DEBUG 17320 --- [http-nio-8080-exec-1] c.winnie.demo.ctrl.SendKafkaController   : {"request":"DAOTransaction(id=string, currency=TWD, amount=0, iban=string, date=20220809, description=string)"}
2022-10-27 16:23:26.791 DEBUG 17320 --- [http-nio-8080-exec-1] com.winnie.demo.service.kafka.SendKafka  : {"transaction":"DAOTransaction(id=string, currency=TWD, amount=0, iban=string, date=20220809, description=string)"}
2022-10-27 16:23:38.167 DEBUG 17320 --- [http-nio-8080-exec-2] com.winnie.demo.filter.JwtRequestFilter  : {"request":"org.springframework.security.web.header.HeaderWriterFilter$HeaderWriterRequest@2b700b","chain":"org.springframework.security.web.FilterChainProxy$VirtualFilterChain@ec9ebe","response":"org.springframework.security.web.header.HeaderWriterFilter$HeaderWriterResponse@d31b7b"}
2022-10-27 16:23:38.168 DEBUG 17320 --- [http-nio-8080-exec-2] c.winnie.demo.service.util.JwtTokenUtil  : {"token":"eyJhbGciOiJIUzUxMiJ9.eyJzdWIiOiJwYXNzd29yZCIsImV4cCI6MTY2Njg2NDUyOCwiaWF0IjoxNjY2ODQ2NTI4fQ.NnZGQrhhmFY5Cg4IxHndU5lMr8Xg0xQ6qcmJxspIlr7pVHDuaKxEjRiztV8jjLnt8-hpls1Dvz946wVD4Dc_Ig"}
2022-10-27 16:23:38.168 DEBUG 17320 --- [http-nio-8080-exec-2] c.winnie.demo.service.util.JwtTokenUtil  : {"claimsResolver":"com.winnie.demo.service.util.JwtTokenUtil$$Lambda$1729/21838898@14c52d0","token":"eyJhbGciOiJIUzUxMiJ9.eyJzdWIiOiJwYXNzd29yZCIsImV4cCI6MTY2Njg2NDUyOCwiaWF0IjoxNjY2ODQ2NTI4fQ.NnZGQrhhmFY5Cg4IxHndU5lMr8Xg0xQ6qcmJxspIlr7pVHDuaKxEjRiztV8jjLnt8-hpls1Dvz946wVD4Dc_Ig"}
2022-10-27 16:23:38.169 DEBUG 17320 --- [http-nio-8080-exec-2] c.w.d.s.auth.JwtUserDetailsService       : {"userId":"password"}
2022-10-27 16:23:38.658 DEBUG 17320 --- [http-nio-8080-exec-2] c.winnie.demo.service.util.JwtTokenUtil  : {"userDetails":"org.springframework.security.core.userdetails.User [Username=password, Password=[PROTECTED], Enabled=true, AccountNonExpired=true, credentialsNonExpired=true, AccountNonLocked=true, Granted Authorities=[]]","token":"eyJhbGciOiJIUzUxMiJ9.eyJzdWIiOiJwYXNzd29yZCIsImV4cCI6MTY2Njg2NDUyOCwiaWF0IjoxNjY2ODQ2NTI4fQ.NnZGQrhhmFY5Cg4IxHndU5lMr8Xg0xQ6qcmJxspIlr7pVHDuaKxEjRiztV8jjLnt8-hpls1Dvz946wVD4Dc_Ig"}
2022-10-27 16:23:38.659 DEBUG 17320 --- [http-nio-8080-exec-2] c.winnie.demo.service.util.JwtTokenUtil  : {"claimsResolver":"com.winnie.demo.service.util.JwtTokenUtil$$Lambda$1743/31695404@18f665d","token":"eyJhbGciOiJIUzUxMiJ9.eyJzdWIiOiJwYXNzd29yZCIsImV4cCI6MTY2Njg2NDUyOCwiaWF0IjoxNjY2ODQ2NTI4fQ.NnZGQrhhmFY5Cg4IxHndU5lMr8Xg0xQ6qcmJxspIlr7pVHDuaKxEjRiztV8jjLnt8-hpls1Dvz946wVD4Dc_Ig"}
2022-10-27 16:23:38.661 DEBUG 17320 --- [http-nio-8080-exec-2] c.winnie.demo.service.util.JwtTokenUtil  : {"token":"eyJhbGciOiJIUzUxMiJ9.eyJzdWIiOiJwYXNzd29yZCIsImV4cCI6MTY2Njg2NDUyOCwiaWF0IjoxNjY2ODQ2NTI4fQ.NnZGQrhhmFY5Cg4IxHndU5lMr8Xg0xQ6qcmJxspIlr7pVHDuaKxEjRiztV8jjLnt8-hpls1Dvz946wVD4Dc_Ig"}
2022-10-27 16:23:38.662 DEBUG 17320 --- [http-nio-8080-exec-2] c.winnie.demo.service.util.JwtTokenUtil  : {"claimsResolver":"com.winnie.demo.service.util.JwtTokenUtil$$Lambda$1729/21838898@14c52d0","token":"eyJhbGciOiJIUzUxMiJ9.eyJzdWIiOiJwYXNzd29yZCIsImV4cCI6MTY2Njg2NDUyOCwiaWF0IjoxNjY2ODQ2NTI4fQ.NnZGQrhhmFY5Cg4IxHndU5lMr8Xg0xQ6qcmJxspIlr7pVHDuaKxEjRiztV8jjLnt8-hpls1Dvz946wVD4Dc_Ig"}
2022-10-27 16:23:38.668 DEBUG 17320 --- [http-nio-8080-exec-2] c.winnie.demo.ctrl.SendKafkaController   : {"request":"DAOTransaction(id=string, currency=TWD, amount=0, iban=string, date=20220809, description=string)"}
2022-10-27 16:23:38.669 DEBUG 17320 --- [http-nio-8080-exec-2] com.winnie.demo.service.kafka.SendKafka  : {"transaction":"DAOTransaction(id=string, currency=TWD, amount=0, iban=string, date=20220809, description=string)"}
2022-10-27 16:24:26.855 ERROR 17320 --- [http-nio-8080-exec-1] o.s.k.support.LoggingProducerListener    : Exception thrown when sending a message with key='null' and payload='DAOTransaction(id=string, currency=TWD, amount=0, iban=string, date=20220809, description=string)' to topic transaction:

org.apache.kafka.common.errors.TimeoutException: Topic transaction not present in metadata after 60000 ms.

2022-10-27 16:24:26.866 ERROR 17320 --- [http-nio-8080-exec-1] o.a.c.c.C.[.[.[/].[dispatcherServlet]    : Servlet.service() for servlet [dispatcherServlet] in context with path [] threw exception [Request processing failed; nested exception is org.springframework.kafka.KafkaException: Send failed; nested exception is org.apache.kafka.common.errors.TimeoutException: Topic transaction not present in metadata after 60000 ms.] with root cause

org.apache.kafka.common.errors.TimeoutException: Topic transaction not present in metadata after 60000 ms.

